<?xml version="1.0" encoding="UTF-8"?>
<!-- Generated by org.testng.reporters.JUnitReportReporter -->
<testsuite hostname="DevoPriya-Desktop" failures="0" tests="1" name="Practice.TestCase1" time="0.014" errors="0" timestamp="2022-03-01T16:54:40 IST" skipped="0">
  <testcase classname="Practice.TestCase1" name="tc1" time="0.014"/>
  <system-out/>
</testsuite> <!-- Practice.TestCase1 -->
